$ vite

  VITE v8.0.10  ready in 166 ms

  ➜  Local:   http://localhost:3000/
  ➜  Network: use --host to expose
9:05:14 PM [vite] (client) hmr update /src/components/FeaturedProducts.jsx, /src/index.css
9:05:20 PM [vite] (client) hmr update /src/components/SearchOverlay.jsx, /src/index.css
9:05:26 PM [vite] (client) hmr update /src/components/SearchOverlay.jsx, /src/index.css
9:05:34 PM [vite] (client) hmr update /src/pages/ProductDetail.jsx, /src/index.css
9:05:46 PM [vite] (client) hmr update /src/pages/ProductDetail.jsx, /src/index.css
9:30:04 PM [vite] (client) hmr update /src/index.css, /src/components/ProductCard.jsx
9:30:18 PM [vite] (client) hmr update /src/components/FeaturedProducts.jsx, /src/index.css
9:30:24 PM [vite] (client) hmr update /src/components/FeaturedProducts.jsx, /src/index.css
9:30:35 PM [vite] (client) hmr update /src/App.jsx, /src/index.css
9:30:42 PM [vite] (client) hmr update /src/App.jsx, /src/index.css
9:30:48 PM [vite] (client) hmr update /src/App.jsx, /src/index.css
9:30:55 PM [vite] (client) hmr update /src/App.jsx, /src/index.css
9:31:01 PM [vite] (client) hmr update /src/App.jsx, /src/index.css
9:31:07 PM [vite] (client) hmr update /src/App.jsx, /src/index.css
9:31:27 PM [vite] (client) hmr update /src/App.jsx, /src/index.css
9:31:33 PM [vite] (client) hmr update /src/index.css, /src/components/ProductQuickView.jsx
9:31:40 PM [vite] (client) hmr update /src/index.css, /src/components/ProductQuickView.jsx
9:31:47 PM [vite] (client) hmr update /src/index.css, /src/components/ProductQuickView.jsx
9:33:03 PM [vite] (client) [Unhandled error] ReferenceError: setBought is not defined
 > src/components/ProductQuickView.jsx:40:6
    38 |        setActiveImg(0)
    39 |        setAdded(false)
    40 |        setBought(false)
       |        ^
    41 |        setSizeError(false)
    42 |      }
 > Object.react_stack_bottom_frame node_modules/react-dom/cjs/react-dom-client.development.js:25989:19
 > runWithFiberInDEV node_modules/react-dom/cjs/react-dom-client.development.js:871:29
 > commitHookEffectListMount node_modules/react-dom/cjs/react-dom-client.development.js:13249:28
 > commitHookPassiveMountEffects node_modules/react-dom/cjs/react-dom-client.development.js:13336:10
 > commitPassiveMountOnFiber node_modules/react-dom/cjs/react-dom-client.development.js:15484:12
 > recursivelyTraversePassiveMountEffects node_modules/react-dom/cjs/react-dom-client.development.js:15439:10
 > commitPassiveMountOnFiber node_modules/react-dom/cjs/react-dom-client.development.js:15718:10
 > recursivelyTraversePassiveMountEffects node_modules/react-dom/cjs/react-dom-client.development.js:15439:10
 > commitPassiveMountOnFiber node_modules/react-dom/cjs/react-dom-client.development.js:15476:10

9:33:03 PM [vite] (client) [console.warn] An error occurred in the <ProductQuickView> component.

Consider adding an error boundary to your tree to customize error handling behavior.
Visit https://react.dev/link/error-boundaries to learn more about error boundaries.

9:33:20 PM [vite] (client) [Unhandled error] ReferenceError: setBought is not defined
 > src/components/ProductQuickView.jsx:40:6
    38 |        setActiveImg(0)
    39 |        setAdded(false)
    40 |        setBought(false)
       |        ^
    41 |        setSizeError(false)
    42 |      }
 > Object.react_stack_bottom_frame node_modules/react-dom/cjs/react-dom-client.development.js:25989:19
 > runWithFiberInDEV node_modules/react-dom/cjs/react-dom-client.development.js:871:29
 > commitHookEffectListMount node_modules/react-dom/cjs/react-dom-client.development.js:13249:28
 > commitHookPassiveMountEffects node_modules/react-dom/cjs/react-dom-client.development.js:13336:10
 > commitPassiveMountOnFiber node_modules/react-dom/cjs/react-dom-client.development.js:15484:12
 > recursivelyTraversePassiveMountEffects node_modules/react-dom/cjs/react-dom-client.development.js:15439:10
 > commitPassiveMountOnFiber node_modules/react-dom/cjs/react-dom-client.development.js:15718:10
 > recursivelyTraversePassiveMountEffects node_modules/react-dom/cjs/react-dom-client.development.js:15439:10
 > commitPassiveMountOnFiber node_modules/react-dom/cjs/react-dom-client.development.js:15476:10

9:33:20 PM [vite] (client) [console.warn] An error occurred in the <ProductQuickView> component.

Consider adding an error boundary to your tree to customize error handling behavior.
Visit https://react.dev/link/error-boundaries to learn more about error boundaries.

9:33:38 PM [vite] (client) [Unhandled error] ReferenceError: setBought is not defined
 > src/components/ProductQuickView.jsx:40:6
    38 |        setActiveImg(0)
    39 |        setAdded(false)
    40 |        setBought(false)
       |        ^
    41 |        setSizeError(false)
    42 |      }
 > Object.react_stack_bottom_frame node_modules/react-dom/cjs/react-dom-client.development.js:25989:19
 > runWithFiberInDEV node_modules/react-dom/cjs/react-dom-client.development.js:871:29
 > commitHookEffectListMount node_modules/react-dom/cjs/react-dom-client.development.js:13249:28
 > commitHookPassiveMountEffects node_modules/react-dom/cjs/react-dom-client.development.js:13336:10
 > commitPassiveMountOnFiber node_modules/react-dom/cjs/react-dom-client.development.js:15484:12
 > recursivelyTraversePassiveMountEffects node_modules/react-dom/cjs/react-dom-client.development.js:15439:10
 > commitPassiveMountOnFiber node_modules/react-dom/cjs/react-dom-client.development.js:15718:10
 > recursivelyTraversePassiveMountEffects node_modules/react-dom/cjs/react-dom-client.development.js:15439:10
 > commitPassiveMountOnFiber node_modules/react-dom/cjs/react-dom-client.development.js:15476:10

9:33:38 PM [vite] (client) [console.warn] An error occurred in the <ProductQuickView> component.

Consider adding an error boundary to your tree to customize error handling behavior.
Visit https://react.dev/link/error-boundaries to learn more about error boundaries.

9:37:25 PM [vite] (client) hmr update /src/App.jsx, /src/index.css
9:37:34 PM [vite] (client) hmr update /src/components/FeaturedProducts.jsx, /src/index.css
9:37:40 PM [vite] (client) hmr update /src/components/SearchOverlay.jsx, /src/index.css
9:37:42 PM [vite] (client) [Unhandled error] ReferenceError: useProducts is not defined
 > SearchOverlay src/components/SearchOverlay.jsx:12:23
    10 |    const [query, setQuery] = useState('')
    11 |    const inputRef = useRef(null)
    12 |    const { products } = useProducts()
       |                         ^
    13 |  
    14 |    useEffect(() => {
 > Object.react_stack_bottom_frame node_modules/react-dom/cjs/react-dom-client.development.js:25904:19
 > renderWithHooks node_modules/react-dom/cjs/react-dom-client.development.js:7662:21
 > updateFunctionComponent node_modules/react-dom/cjs/react-dom-client.development.js:10166:18
 > beginWork node_modules/react-dom/cjs/react-dom-client.development.js:11778:17
 > runWithFiberInDEV node_modules/react-dom/cjs/react-dom-client.development.js:871:29
 > performUnitOfWork node_modules/react-dom/cjs/react-dom-client.development.js:17641:21
 > workLoopSync node_modules/react-dom/cjs/react-dom-client.development.js:17469:40
 > renderRootSync node_modules/react-dom/cjs/react-dom-client.development.js:17450:10
 > performWorkOnRoot node_modules/react-dom/cjs/react-dom-client.development.js:16583:34

9:37:42 PM [vite] (client) [console.warn] An error occurred in the <SearchOverlay> component.

Consider adding an error boundary to your tree to customize error handling behavior.
Visit https://react.dev/link/error-boundaries to learn more about error boundaries.

9:37:42 PM [vite] (client) [Unhandled error] ReferenceError: useProducts is not defined
 > SearchOverlay src/components/SearchOverlay.jsx:12:23
    10 |    const [query, setQuery] = useState('')
    11 |    const inputRef = useRef(null)
    12 |    const { products } = useProducts()
       |                         ^
    13 |  
    14 |    useEffect(() => {
 > Object.react_stack_bottom_frame node_modules/react-dom/cjs/react-dom-client.development.js:25904:19
 > renderWithHooks node_modules/react-dom/cjs/react-dom-client.development.js:7662:21
 > updateFunctionComponent node_modules/react-dom/cjs/react-dom-client.development.js:10166:18
 > beginWork node_modules/react-dom/cjs/react-dom-client.development.js:11778:17
 > runWithFiberInDEV node_modules/react-dom/cjs/react-dom-client.development.js:871:29
 > performUnitOfWork node_modules/react-dom/cjs/react-dom-client.development.js:17641:21
 > workLoopSync node_modules/react-dom/cjs/react-dom-client.development.js:17469:40
 > renderRootSync node_modules/react-dom/cjs/react-dom-client.development.js:17450:10
 > performWorkOnRoot node_modules/react-dom/cjs/react-dom-client.development.js:16583:34

9:37:42 PM [vite] (client) [console.warn] An error occurred in the <SearchOverlay> component.

Consider adding an error boundary to your tree to customize error handling behavior.
Visit https://react.dev/link/error-boundaries to learn more about error boundaries.

9:37:47 PM [vite] (client) hmr update /src/components/SearchOverlay.jsx, /src/index.css
9:37:54 PM [vite] (client) hmr update /src/pages/ProductDetail.jsx, /src/index.css
9:38:01 PM [vite] (client) hmr update /src/pages/ProductDetail.jsx, /src/index.css
9:38:12 PM [vite] (client) hmr update /src/pages/ProductDetail.jsx, /src/index.css
9:40:05 PM [vite] (client) [Unhandled error] ReferenceError: setBought is not defined
 > src/components/ProductQuickView.jsx:40:6
    38 |        setActiveImg(0)
    39 |        setAdded(false)
    40 |        setBought(false)
       |        ^
    41 |        setSizeError(false)
    42 |      }
 > Object.react_stack_bottom_frame node_modules/react-dom/cjs/react-dom-client.development.js:25989:19
 > runWithFiberInDEV node_modules/react-dom/cjs/react-dom-client.development.js:871:29
 > commitHookEffectListMount node_modules/react-dom/cjs/react-dom-client.development.js:13249:28
 > commitHookPassiveMountEffects node_modules/react-dom/cjs/react-dom-client.development.js:13336:10
 > commitPassiveMountOnFiber node_modules/react-dom/cjs/react-dom-client.development.js:15484:12
 > recursivelyTraversePassiveMountEffects node_modules/react-dom/cjs/react-dom-client.development.js:15439:10
 > commitPassiveMountOnFiber node_modules/react-dom/cjs/react-dom-client.development.js:15718:10
 > recursivelyTraversePassiveMountEffects node_modules/react-dom/cjs/react-dom-client.development.js:15439:10
 > commitPassiveMountOnFiber node_modules/react-dom/cjs/react-dom-client.development.js:15476:10

9:40:05 PM [vite] (client) [console.warn] An error occurred in the <ProductQuickView> component.

Consider adding an error boundary to your tree to customize error handling behavior.
Visit https://react.dev/link/error-boundaries to learn more about error boundaries.

9:40:17 PM [vite] (client) [Unhandled error] ReferenceError: setBought is not defined
 > src/components/ProductQuickView.jsx:40:6
    38 |        setActiveImg(0)
    39 |        setAdded(false)
    40 |        setBought(false)
       |        ^
    41 |        setSizeError(false)
    42 |      }
 > Object.react_stack_bottom_frame node_modules/react-dom/cjs/react-dom-client.development.js:25989:19
 > runWithFiberInDEV node_modules/react-dom/cjs/react-dom-client.development.js:871:29
 > commitHookEffectListMount node_modules/react-dom/cjs/react-dom-client.development.js:13249:28
 > commitHookPassiveMountEffects node_modules/react-dom/cjs/react-dom-client.development.js:13336:10
 > commitPassiveMountOnFiber node_modules/react-dom/cjs/react-dom-client.development.js:15484:12
 > recursivelyTraversePassiveMountEffects node_modules/react-dom/cjs/react-dom-client.development.js:15439:10
 > commitPassiveMountOnFiber node_modules/react-dom/cjs/react-dom-client.development.js:15718:10
 > recursivelyTraversePassiveMountEffects node_modules/react-dom/cjs/react-dom-client.development.js:15439:10
 > commitPassiveMountOnFiber node_modules/react-dom/cjs/react-dom-client.development.js:15476:10

9:40:17 PM [vite] (client) [console.warn] An error occurred in the <ProductQuickView> component.

Consider adding an error boundary to your tree to customize error handling behavior.
Visit https://react.dev/link/error-boundaries to learn more about error boundaries.

9:47:12 PM [vite] (client) hmr update /src/index.css, /src/App.jsx
9:47:21 PM [vite] (client) hmr update /src/pages/ProductDetail.jsx, /src/index.css
9:47:34 PM [vite] (client) hmr update /src/components/FeaturedProducts.jsx, /src/index.css
9:47:44 PM [vite] (client) hmr update /src/components/FeaturedProducts.jsx, /src/index.css
9:49:23 PM [vite] (client) [Unhandled error] ReferenceError: setBought is not defined
 > src/components/ProductQuickView.jsx:40:6
    38 |        setActiveImg(0)
    39 |        setAdded(false)
    40 |        setBought(false)
       |        ^
    41 |        setSizeError(false)
    42 |      }
 > Object.react_stack_bottom_frame node_modules/react-dom/cjs/react-dom-client.development.js:25989:19
 > runWithFiberInDEV node_modules/react-dom/cjs/react-dom-client.development.js:871:29
 > commitHookEffectListMount node_modules/react-dom/cjs/react-dom-client.development.js:13249:28
 > commitHookPassiveMountEffects node_modules/react-dom/cjs/react-dom-client.development.js:13336:10
 > commitPassiveMountOnFiber node_modules/react-dom/cjs/react-dom-client.development.js:15484:12
 > recursivelyTraversePassiveMountEffects node_modules/react-dom/cjs/react-dom-client.development.js:15439:10
 > commitPassiveMountOnFiber node_modules/react-dom/cjs/react-dom-client.development.js:15718:10
 > recursivelyTraversePassiveMountEffects node_modules/react-dom/cjs/react-dom-client.development.js:15439:10
 > commitPassiveMountOnFiber node_modules/react-dom/cjs/react-dom-client.development.js:15476:10

9:49:23 PM [vite] (client) [console.warn] An error occurred in the <ProductQuickView> component.

Consider adding an error boundary to your tree to customize error handling behavior.
Visit https://react.dev/link/error-boundaries to learn more about error boundaries.

9:49:37 PM [vite] (client) [Unhandled error] ReferenceError: setBought is not defined
 > src/components/ProductQuickView.jsx:40:6
    38 |        setActiveImg(0)
    39 |        setAdded(false)
    40 |        setBought(false)
       |        ^
    41 |        setSizeError(false)
    42 |      }
 > Object.react_stack_bottom_frame node_modules/react-dom/cjs/react-dom-client.development.js:25989:19
 > runWithFiberInDEV node_modules/react-dom/cjs/react-dom-client.development.js:871:29
 > commitHookEffectListMount node_modules/react-dom/cjs/react-dom-client.development.js:13249:28
 > commitHookPassiveMountEffects node_modules/react-dom/cjs/react-dom-client.development.js:13336:10
 > commitPassiveMountOnFiber node_modules/react-dom/cjs/react-dom-client.development.js:15484:12
 > recursivelyTraversePassiveMountEffects node_modules/react-dom/cjs/react-dom-client.development.js:15439:10
 > commitPassiveMountOnFiber node_modules/react-dom/cjs/react-dom-client.development.js:15718:10
 > recursivelyTraversePassiveMountEffects node_modules/react-dom/cjs/react-dom-client.development.js:15439:10
 > commitPassiveMountOnFiber node_modules/react-dom/cjs/react-dom-client.development.js:15476:10

9:49:37 PM [vite] (client) [console.warn] An error occurred in the <ProductQuickView> component.

Consider adding an error boundary to your tree to customize error handling behavior.
Visit https://react.dev/link/error-boundaries to learn more about error boundaries.

9:50:04 PM [vite] (client) [Unhandled error] ReferenceError: setBought is not defined
 > src/components/ProductQuickView.jsx:40:6
    38 |        setActiveImg(0)
    39 |        setAdded(false)
    40 |        setBought(false)
       |        ^
    41 |        setSizeError(false)
    42 |      }
 > Object.react_stack_bottom_frame node_modules/react-dom/cjs/react-dom-client.development.js:25989:19
 > runWithFiberInDEV node_modules/react-dom/cjs/react-dom-client.development.js:871:29
 > commitHookEffectListMount node_modules/react-dom/cjs/react-dom-client.development.js:13249:28
 > commitHookPassiveMountEffects node_modules/react-dom/cjs/react-dom-client.development.js:13336:10
 > commitPassiveMountOnFiber node_modules/react-dom/cjs/react-dom-client.development.js:15484:12
 > recursivelyTraversePassiveMountEffects node_modules/react-dom/cjs/react-dom-client.development.js:15439:10
 > commitPassiveMountOnFiber node_modules/react-dom/cjs/react-dom-client.development.js:15718:10
 > recursivelyTraversePassiveMountEffects node_modules/react-dom/cjs/react-dom-client.development.js:15439:10
 > commitPassiveMountOnFiber node_modules/react-dom/cjs/react-dom-client.development.js:15476:10

9:50:04 PM [vite] (client) [console.warn] An error occurred in the <ProductQuickView> component.

Consider adding an error boundary to your tree to customize error handling behavior.
Visit https://react.dev/link/error-boundaries to learn more about error boundaries.

9:50:50 PM [vite] (client) [Unhandled error] ReferenceError: setBought is not defined
 > src/components/ProductQuickView.jsx:40:6
    38 |        setActiveImg(0)
    39 |        setAdded(false)
    40 |        setBought(false)
       |        ^
    41 |        setSizeError(false)
    42 |      }
 > Object.react_stack_bottom_frame node_modules/react-dom/cjs/react-dom-client.development.js:25989:19
 > runWithFiberInDEV node_modules/react-dom/cjs/react-dom-client.development.js:871:29
 > commitHookEffectListMount node_modules/react-dom/cjs/react-dom-client.development.js:13249:28
 > commitHookPassiveMountEffects node_modules/react-dom/cjs/react-dom-client.development.js:13336:10
 > commitPassiveMountOnFiber node_modules/react-dom/cjs/react-dom-client.development.js:15484:12
 > recursivelyTraversePassiveMountEffects node_modules/react-dom/cjs/react-dom-client.development.js:15439:10
 > commitPassiveMountOnFiber node_modules/react-dom/cjs/react-dom-client.development.js:15718:10
 > recursivelyTraversePassiveMountEffects node_modules/react-dom/cjs/react-dom-client.development.js:15439:10
 > commitPassiveMountOnFiber node_modules/react-dom/cjs/react-dom-client.development.js:15476:10

9:50:50 PM [vite] (client) [console.warn] An error occurred in the <ProductQuickView> component.

Consider adding an error boundary to your tree to customize error handling behavior.
Visit https://react.dev/link/error-boundaries to learn more about error boundaries.

9:51:32 PM [vite] (client) [Unhandled error] ReferenceError: setBought is not defined
 > src/components/ProductQuickView.jsx:40:6
    38 |        setActiveImg(0)
    39 |        setAdded(false)
    40 |        setBought(false)
       |        ^
    41 |        setSizeError(false)
    42 |      }
 > Object.react_stack_bottom_frame node_modules/react-dom/cjs/react-dom-client.development.js:25989:19
 > runWithFiberInDEV node_modules/react-dom/cjs/react-dom-client.development.js:871:29
 > commitHookEffectListMount node_modules/react-dom/cjs/react-dom-client.development.js:13249:28
 > commitHookPassiveMountEffects node_modules/react-dom/cjs/react-dom-client.development.js:13336:10
 > commitPassiveMountOnFiber node_modules/react-dom/cjs/react-dom-client.development.js:15484:12
 > recursivelyTraversePassiveMountEffects node_modules/react-dom/cjs/react-dom-client.development.js:15439:10
 > commitPassiveMountOnFiber node_modules/react-dom/cjs/react-dom-client.development.js:15718:10
 > recursivelyTraversePassiveMountEffects node_modules/react-dom/cjs/react-dom-client.development.js:15439:10
 > commitPassiveMountOnFiber node_modules/react-dom/cjs/react-dom-client.development.js:15476:10

9:51:32 PM [vite] (client) [console.warn] An error occurred in the <ProductQuickView> component.

Consider adding an error boundary to your tree to customize error handling behavior.
Visit https://react.dev/link/error-boundaries to learn more about error boundaries.

9:51:52 PM [vite] (client) [Unhandled error] ReferenceError: setBought is not defined
 > src/components/ProductQuickView.jsx:40:6
    38 |        setActiveImg(0)
    39 |        setAdded(false)
    40 |        setBought(false)
       |        ^
    41 |        setSizeError(false)
    42 |      }
 > Object.react_stack_bottom_frame node_modules/react-dom/cjs/react-dom-client.development.js:25989:19
 > runWithFiberInDEV node_modules/react-dom/cjs/react-dom-client.development.js:871:29
 > commitHookEffectListMount node_modules/react-dom/cjs/react-dom-client.development.js:13249:28
 > commitHookPassiveMountEffects node_modules/react-dom/cjs/react-dom-client.development.js:13336:10
 > commitPassiveMountOnFiber node_modules/react-dom/cjs/react-dom-client.development.js:15484:12
 > recursivelyTraversePassiveMountEffects node_modules/react-dom/cjs/react-dom-client.development.js:15439:10
 > commitPassiveMountOnFiber node_modules/react-dom/cjs/react-dom-client.development.js:15718:10
 > recursivelyTraversePassiveMountEffects node_modules/react-dom/cjs/react-dom-client.development.js:15439:10
 > commitPassiveMountOnFiber node_modules/react-dom/cjs/react-dom-client.development.js:15476:10

9:51:52 PM [vite] (client) [console.warn] An error occurred in the <ProductQuickView> component.

Consider adding an error boundary to your tree to customize error handling behavior.
Visit https://react.dev/link/error-boundaries to learn more about error boundaries.

9:56:15 PM [vite] (client) hmr update /src/pages/ProductDetail.jsx, /src/index.css
9:56:24 PM [vite] (client) hmr update /src/App.jsx, /src/index.css
9:57:26 PM [vite] (client) [Unhandled error] ReferenceError: setBought is not defined
 > src/components/ProductQuickView.jsx:40:6
    38 |        setActiveImg(0)
    39 |        setAdded(false)
    40 |        setBought(false)
       |        ^
    41 |        setSizeError(false)
    42 |      }
 > Object.react_stack_bottom_frame node_modules/react-dom/cjs/react-dom-client.development.js:25989:19
 > runWithFiberInDEV node_modules/react-dom/cjs/react-dom-client.development.js:871:29
 > commitHookEffectListMount node_modules/react-dom/cjs/react-dom-client.development.js:13249:28
 > commitHookPassiveMountEffects node_modules/react-dom/cjs/react-dom-client.development.js:13336:10
 > commitPassiveMountOnFiber node_modules/react-dom/cjs/react-dom-client.development.js:15484:12
 > recursivelyTraversePassiveMountEffects node_modules/react-dom/cjs/react-dom-client.development.js:15439:10
 > commitPassiveMountOnFiber node_modules/react-dom/cjs/react-dom-client.development.js:15718:10
 > recursivelyTraversePassiveMountEffects node_modules/react-dom/cjs/react-dom-client.development.js:15439:10
 > commitPassiveMountOnFiber node_modules/react-dom/cjs/react-dom-client.development.js:15476:10

9:57:26 PM [vite] (client) [console.warn] An error occurred in the <ProductQuickView> component.

Consider adding an error boundary to your tree to customize error handling behavior.
Visit https://react.dev/link/error-boundaries to learn more about error boundaries.

9:59:01 PM [vite] (client) [Unhandled error] ReferenceError: setBought is not defined
 > src/components/ProductQuickView.jsx:40:6
    38 |        setActiveImg(0)
    39 |        setAdded(false)
    40 |        setBought(false)
       |        ^
    41 |        setSizeError(false)
    42 |      }
 > Object.react_stack_bottom_frame node_modules/react-dom/cjs/react-dom-client.development.js:25989:19
 > runWithFiberInDEV node_modules/react-dom/cjs/react-dom-client.development.js:871:29
 > commitHookEffectListMount node_modules/react-dom/cjs/react-dom-client.development.js:13249:28
 > commitHookPassiveMountEffects node_modules/react-dom/cjs/react-dom-client.development.js:13336:10
 > commitPassiveMountOnFiber node_modules/react-dom/cjs/react-dom-client.development.js:15484:12
 > recursivelyTraversePassiveMountEffects node_modules/react-dom/cjs/react-dom-client.development.js:15439:10
 > commitPassiveMountOnFiber node_modules/react-dom/cjs/react-dom-client.development.js:15718:10
 > recursivelyTraversePassiveMountEffects node_modules/react-dom/cjs/react-dom-client.development.js:15439:10
 > commitPassiveMountOnFiber node_modules/react-dom/cjs/react-dom-client.development.js:15476:10

9:59:01 PM [vite] (client) [console.warn] An error occurred in the <ProductQuickView> component.

Consider adding an error boundary to your tree to customize error handling behavior.
Visit https://react.dev/link/error-boundaries to learn more about error boundaries.

10:04:24 PM [vite] (client) hmr update /src/index.css, /src/components/ProductQuickView.jsx
10:04:26 PM [vite] (client) [console.error] [vite] Failed to reload /src/components/ProductQuickView.jsx. This could be due to syntax errors or importing non-existent modules. (see errors above)
10:04:55 PM [vite] (client) hmr update /src/index.css, /src/components/ProductCard.jsx
10:06:28 PM [vite] (client) hmr update /src/App.jsx, /src/index.css
10:06:32 PM [vite] (client) [Unhandled error] ReferenceError: ProductQuickView is not defined
 > AppShell src/App.jsx:148:7
    146 |        />
    147 |        <SearchOverlay open={searchOpen} onClose={() => setSearchOpen(false)} products={products} />
    148 |        <ProductQuickView
        |         ^
    149 |          product={quickViewProduct}
    150 |          onClose={() => setQuickViewProduct(null)}
 > Object.react_stack_bottom_frame node_modules/react-dom/cjs/react-dom-client.development.js:25904:19
 > renderWithHooks node_modules/react-dom/cjs/react-dom-client.development.js:7662:21
 > updateFunctionComponent node_modules/react-dom/cjs/react-dom-client.development.js:10166:18
 > beginWork node_modules/react-dom/cjs/react-dom-client.development.js:11778:17
 > runWithFiberInDEV node_modules/react-dom/cjs/react-dom-client.development.js:871:29
 > performUnitOfWork node_modules/react-dom/cjs/react-dom-client.development.js:17641:21
 > workLoopSync node_modules/react-dom/cjs/react-dom-client.development.js:17469:40
 > renderRootSync node_modules/react-dom/cjs/react-dom-client.development.js:17450:10
 > performWorkOnRoot node_modules/react-dom/cjs/react-dom-client.development.js:16583:34

10:06:32 PM [vite] (client) [console.warn] An error occurred in the <AppShell> component.

Consider adding an error boundary to your tree to customize error handling behavior.
Visit https://react.dev/link/error-boundaries to learn more about error boundaries.

10:06:34 PM [vite] (client) hmr update /src/App.jsx, /src/index.css
10:06:35 PM [vite] (client) [Unhandled error] ReferenceError: setQuickViewProduct is not defined
 > AppShell src/App.jsx:108:25
    106 |              wishlist={wishlist}
    107 |              toggleWishlist={toggleWishlist}
    108 |              onQuickView={setQuickViewProduct}
        |                           ^
    109 |            />
    110 |          } />
 > Object.react_stack_bottom_frame node_modules/react-dom/cjs/react-dom-client.development.js:25904:19
 > renderWithHooks node_modules/react-dom/cjs/react-dom-client.development.js:7662:21
 > updateFunctionComponent node_modules/react-dom/cjs/react-dom-client.development.js:10166:18
 > beginWork node_modules/react-dom/cjs/react-dom-client.development.js:11778:17
 > runWithFiberInDEV node_modules/react-dom/cjs/react-dom-client.development.js:871:29
 > performUnitOfWork node_modules/react-dom/cjs/react-dom-client.development.js:17641:21
 > workLoopSync node_modules/react-dom/cjs/react-dom-client.development.js:17469:40
 > renderRootSync node_modules/react-dom/cjs/react-dom-client.development.js:17450:10
 > performWorkOnRoot node_modules/react-dom/cjs/react-dom-client.development.js:16583:34

10:06:35 PM [vite] (client) [console.warn] An error occurred in the <AppShell> component.

Consider adding an error boundary to your tree to customize error handling behavior.
Visit https://react.dev/link/error-boundaries to learn more about error boundaries.

10:06:39 PM [vite] (client) hmr update /src/App.jsx, /src/index.css
10:06:41 PM [vite] (client) [Unhandled error] ReferenceError: setQuickViewProduct is not defined
 > AppShell src/App.jsx:107:25
    105 |              wishlist={wishlist}
    106 |              toggleWishlist={toggleWishlist}
    107 |              onQuickView={setQuickViewProduct}
        |                           ^
    108 |            />
    109 |          } />
 > Object.react_stack_bottom_frame node_modules/react-dom/cjs/react-dom-client.development.js:25904:19
 > renderWithHooks node_modules/react-dom/cjs/react-dom-client.development.js:7662:21
 > updateFunctionComponent node_modules/react-dom/cjs/react-dom-client.development.js:10166:18
 > beginWork node_modules/react-dom/cjs/react-dom-client.development.js:11778:17
 > runWithFiberInDEV node_modules/react-dom/cjs/react-dom-client.development.js:871:29
 > performUnitOfWork node_modules/react-dom/cjs/react-dom-client.development.js:17641:21
 > workLoopSync node_modules/react-dom/cjs/react-dom-client.development.js:17469:40
 > renderRootSync node_modules/react-dom/cjs/react-dom-client.development.js:17450:10
 > performWorkOnRoot node_modules/react-dom/cjs/react-dom-client.development.js:16583:34

10:06:41 PM [vite] (client) [console.warn] An error occurred in the <AppShell> component.

Consider adding an error boundary to your tree to customize error handling behavior.
Visit https://react.dev/link/error-boundaries to learn more about error boundaries.

10:06:55 PM [vite] (client) hmr update /src/App.jsx, /src/index.css
10:06:57 PM [vite] (client) [Unhandled error] ReferenceError: setQuickViewProduct is not defined
 > AppShell src/App.jsx:107:25
    105 |              wishlist={wishlist}
    106 |              toggleWishlist={toggleWishlist}
    107 |              onQuickView={setQuickViewProduct}
        |                           ^
    108 |            />
    109 |          } />
 > Object.react_stack_bottom_frame node_modules/react-dom/cjs/react-dom-client.development.js:25904:19
 > renderWithHooks node_modules/react-dom/cjs/react-dom-client.development.js:7662:21
 > updateFunctionComponent node_modules/react-dom/cjs/react-dom-client.development.js:10166:18
 > beginWork node_modules/react-dom/cjs/react-dom-client.development.js:11778:17
 > runWithFiberInDEV node_modules/react-dom/cjs/react-dom-client.development.js:871:29
 > performUnitOfWork node_modules/react-dom/cjs/react-dom-client.development.js:17641:21
 > workLoopSync node_modules/react-dom/cjs/react-dom-client.development.js:17469:40
 > renderRootSync node_modules/react-dom/cjs/react-dom-client.development.js:17450:10
 > performWorkOnRoot node_modules/react-dom/cjs/react-dom-client.development.js:16583:34

10:06:57 PM [vite] (client) [console.warn] An error occurred in the <AppShell> component.

Consider adding an error boundary to your tree to customize error handling behavior.
Visit https://react.dev/link/error-boundaries to learn more about error boundaries.

10:07:00 PM [vite] (client) hmr update /src/App.jsx, /src/index.css
10:07:01 PM [vite] (client) [console.error] [vite] Failed to reload /src/index.css. This could be due to syntax errors or importing non-existent modules. (see errors above)
10:07:02 PM [vite] (client) [Unhandled error] ReferenceError: ProductQuickView is not defined
 > AppShell src/App.jsx:144:7
    142 |        />
    143 |        <SearchOverlay open={searchOpen} onClose={() => setSearchOpen(false)} products={products} />
    144 |        <ProductQuickView
        |         ^
    145 |          product={quickViewProduct}
    146 |          onClose={() => setQuickViewProduct(null)}
 > Object.react_stack_bottom_frame node_modules/react-dom/cjs/react-dom-client.development.js:25904:19
 > renderWithHooks node_modules/react-dom/cjs/react-dom-client.development.js:7662:21
 > updateFunctionComponent node_modules/react-dom/cjs/react-dom-client.development.js:10166:18
 > beginWork node_modules/react-dom/cjs/react-dom-client.development.js:11778:17
 > runWithFiberInDEV node_modules/react-dom/cjs/react-dom-client.development.js:871:29
 > performUnitOfWork node_modules/react-dom/cjs/react-dom-client.development.js:17641:21
 > workLoopSync node_modules/react-dom/cjs/react-dom-client.development.js:17469:40
 > renderRootSync node_modules/react-dom/cjs/react-dom-client.development.js:17450:10
 > performWorkOnRoot node_modules/react-dom/cjs/react-dom-client.development.js:16583:34

10:07:02 PM [vite] (client) [console.warn] An error occurred in the <AppShell> component.

Consider adding an error boundary to your tree to customize error handling behavior.
Visit https://react.dev/link/error-boundaries to learn more about error boundaries.

10:07:17 PM [vite] (client) hmr update /src/App.jsx, /src/index.css
11:37:15 PM [vite] (client) hmr update /src/App.jsx, /src/index.css
11:37:17 PM [vite] (client) [console.error] [vite] SyntaxError: The requested module '/src/data/products.js' does not provide an export named 'staticProducts'
11:37:17 PM [vite] (client) [console.error] [vite] Failed to reload /src/App.jsx. This could be due to syntax errors or importing non-existent modules. (see errors above)
11:37:20 PM [vite] (client) hmr update /src/App.jsx, /src/index.css
11:37:21 PM [vite] (client) [console.error] [vite] SyntaxError: The requested module '/src/data/products.js' does not provide an export named 'staticProducts'
11:37:21 PM [vite] (client) [console.error] [vite] Failed to reload /src/App.jsx. This could be due to syntax errors or importing non-existent modules. (see errors above)
11:37:28 PM [vite] (client) hmr update /src/components/Navbar.jsx, /src/index.css
11:37:34 PM [vite] (client) hmr update /src/components/Navbar.jsx, /src/index.css
11:37:48 PM [vite] (client) hmr update /src/pages/NewIn.jsx, /src/index.css
